/opt/slurm/data/slurmd/job45202521/slurm_script: line 16: :
singularity exec --nv \
	    --overlay /scratch/da3257/demo/my_pytorch.ext3:ro \
	    /scratch/work/public/singularity/cuda11.6.124-cudnn8.4.0.27-devel-ubuntu20.04.4.sif\
	    /bin/bash -c "source /ext3/env.sh; python resnet18_hw2.py --print_stat True --checkpoint ./checkpoint/sgd/resnet18-checkpoint_epoch_20_test-accuracy_88.34.pth"
: No such file or directory
/ext3/miniconda3/lib/python3.12/site-packages/torch/utils/data/dataloader.py:558: UserWarning: This DataLoader will create 2 worker processes in total. Our suggested max number of worker in current system is 1, which is smaller than what this DataLoader is going to create. Please be aware that excessive worker creation might get DataLoader running slow or even freeze, lower the worker number to avoid potential slowness/freeze if necessary.
  warnings.warn(_create_warning_msg(
/ext3/miniconda3/lib/python3.12/site-packages/torch/utils/data/dataloader.py:558: UserWarning: This DataLoader will create 2 worker processes in total. Our suggested max number of worker in current system is 1, which is smaller than what this DataLoader is going to create. Please be aware that excessive worker creation might get DataLoader running slow or even freeze, lower the worker number to avoid potential slowness/freeze if necessary.
  warnings.warn(_create_warning_msg(
Files already downloaded and verified
Files already downloaded and verified

----------------------------------------------------------------
        Layer (type)               Output Shape         Param #
================================================================
            Conv2d-1           [-1, 32, 32, 32]             864
       BatchNorm2d-2           [-1, 32, 32, 32]              64
              ReLU-3           [-1, 32, 32, 32]               0
            Conv2d-4           [-1, 32, 32, 32]           9,216
       BatchNorm2d-5           [-1, 32, 32, 32]              64
              ReLU-6           [-1, 32, 32, 32]               0
            Conv2d-7           [-1, 32, 32, 32]           9,216
       BatchNorm2d-8           [-1, 32, 32, 32]              64
              ReLU-9           [-1, 32, 32, 32]               0
     Resnet_block-10           [-1, 32, 32, 32]               0
           Conv2d-11           [-1, 32, 32, 32]           9,216
      BatchNorm2d-12           [-1, 32, 32, 32]              64
             ReLU-13           [-1, 32, 32, 32]               0
           Conv2d-14           [-1, 32, 32, 32]           9,216
      BatchNorm2d-15           [-1, 32, 32, 32]              64
             ReLU-16           [-1, 32, 32, 32]               0
     Resnet_block-17           [-1, 32, 32, 32]               0
           Conv2d-18           [-1, 32, 32, 32]           9,216
      BatchNorm2d-19           [-1, 32, 32, 32]              64
             ReLU-20           [-1, 32, 32, 32]               0
           Conv2d-21           [-1, 32, 32, 32]           9,216
      BatchNorm2d-22           [-1, 32, 32, 32]              64
             ReLU-23           [-1, 32, 32, 32]               0
     Resnet_block-24           [-1, 32, 32, 32]               0
           Conv2d-25           [-1, 32, 32, 32]           9,216
      BatchNorm2d-26           [-1, 32, 32, 32]              64
             ReLU-27           [-1, 32, 32, 32]               0
           Conv2d-28           [-1, 32, 32, 32]           9,216
      BatchNorm2d-29           [-1, 32, 32, 32]              64
             ReLU-30           [-1, 32, 32, 32]               0
     Resnet_block-31           [-1, 32, 32, 32]               0
           Conv2d-32           [-1, 32, 32, 32]           9,216
      BatchNorm2d-33           [-1, 32, 32, 32]              64
             ReLU-34           [-1, 32, 32, 32]               0
           Conv2d-35           [-1, 32, 32, 32]           9,216
      BatchNorm2d-36           [-1, 32, 32, 32]              64
             ReLU-37           [-1, 32, 32, 32]               0
     Resnet_block-38           [-1, 32, 32, 32]               0
           Conv2d-39           [-1, 32, 32, 32]           9,216
      BatchNorm2d-40           [-1, 32, 32, 32]              64
             ReLU-41           [-1, 32, 32, 32]               0
           Conv2d-42           [-1, 32, 32, 32]           9,216
      BatchNorm2d-43           [-1, 32, 32, 32]              64
             ReLU-44           [-1, 32, 32, 32]               0
     Resnet_block-45           [-1, 32, 32, 32]               0
           Conv2d-46           [-1, 32, 32, 32]           9,216
      BatchNorm2d-47           [-1, 32, 32, 32]              64
             ReLU-48           [-1, 32, 32, 32]               0
           Conv2d-49           [-1, 32, 32, 32]           9,216
      BatchNorm2d-50           [-1, 32, 32, 32]              64
             ReLU-51           [-1, 32, 32, 32]               0
     Resnet_block-52           [-1, 32, 32, 32]               0
           Conv2d-53           [-1, 32, 32, 32]           9,216
      BatchNorm2d-54           [-1, 32, 32, 32]              64
             ReLU-55           [-1, 32, 32, 32]               0
           Conv2d-56           [-1, 32, 32, 32]           9,216
      BatchNorm2d-57           [-1, 32, 32, 32]              64
             ReLU-58           [-1, 32, 32, 32]               0
     Resnet_block-59           [-1, 32, 32, 32]               0
           Conv2d-60           [-1, 32, 32, 32]           9,216
      BatchNorm2d-61           [-1, 32, 32, 32]              64
             ReLU-62           [-1, 32, 32, 32]               0
           Conv2d-63           [-1, 32, 32, 32]           9,216
      BatchNorm2d-64           [-1, 32, 32, 32]              64
             ReLU-65           [-1, 32, 32, 32]               0
     Resnet_block-66           [-1, 32, 32, 32]               0
           Conv2d-67           [-1, 32, 32, 32]           9,216
      BatchNorm2d-68           [-1, 32, 32, 32]              64
             ReLU-69           [-1, 32, 32, 32]               0
           Conv2d-70           [-1, 32, 32, 32]           9,216
      BatchNorm2d-71           [-1, 32, 32, 32]              64
             ReLU-72           [-1, 32, 32, 32]               0
     Resnet_block-73           [-1, 32, 32, 32]               0
           Conv2d-74           [-1, 32, 32, 32]           9,216
      BatchNorm2d-75           [-1, 32, 32, 32]              64
             ReLU-76           [-1, 32, 32, 32]               0
           Conv2d-77           [-1, 32, 32, 32]           9,216
      BatchNorm2d-78           [-1, 32, 32, 32]              64
             ReLU-79           [-1, 32, 32, 32]               0
     Resnet_block-80           [-1, 32, 32, 32]               0
           Conv2d-81           [-1, 32, 32, 32]           9,216
      BatchNorm2d-82           [-1, 32, 32, 32]              64
             ReLU-83           [-1, 32, 32, 32]               0
           Conv2d-84           [-1, 32, 32, 32]           9,216
      BatchNorm2d-85           [-1, 32, 32, 32]              64
             ReLU-86           [-1, 32, 32, 32]               0
     Resnet_block-87           [-1, 32, 32, 32]               0
           Conv2d-88           [-1, 32, 32, 32]           9,216
      BatchNorm2d-89           [-1, 32, 32, 32]              64
             ReLU-90           [-1, 32, 32, 32]               0
           Conv2d-91           [-1, 32, 32, 32]           9,216
      BatchNorm2d-92           [-1, 32, 32, 32]              64
             ReLU-93           [-1, 32, 32, 32]               0
     Resnet_block-94           [-1, 32, 32, 32]               0
           Conv2d-95           [-1, 64, 16, 16]          18,432
      BatchNorm2d-96           [-1, 64, 16, 16]             128
             ReLU-97           [-1, 64, 16, 16]               0
           Conv2d-98           [-1, 64, 16, 16]          36,864
      BatchNorm2d-99           [-1, 64, 16, 16]             128
          Conv2d-100           [-1, 64, 16, 16]           2,048
     BatchNorm2d-101           [-1, 64, 16, 16]             128
            ReLU-102           [-1, 64, 16, 16]               0
    Resnet_block-103           [-1, 64, 16, 16]               0
          Conv2d-104           [-1, 64, 16, 16]          36,864
     BatchNorm2d-105           [-1, 64, 16, 16]             128
            ReLU-106           [-1, 64, 16, 16]               0
          Conv2d-107           [-1, 64, 16, 16]          36,864
     BatchNorm2d-108           [-1, 64, 16, 16]             128
            ReLU-109           [-1, 64, 16, 16]               0
    Resnet_block-110           [-1, 64, 16, 16]               0
          Conv2d-111           [-1, 64, 16, 16]          36,864
     BatchNorm2d-112           [-1, 64, 16, 16]             128
            ReLU-113           [-1, 64, 16, 16]               0
          Conv2d-114           [-1, 64, 16, 16]          36,864
     BatchNorm2d-115           [-1, 64, 16, 16]             128
            ReLU-116           [-1, 64, 16, 16]               0
    Resnet_block-117           [-1, 64, 16, 16]               0
          Conv2d-118           [-1, 64, 16, 16]          36,864
     BatchNorm2d-119           [-1, 64, 16, 16]             128
            ReLU-120           [-1, 64, 16, 16]               0
          Conv2d-121           [-1, 64, 16, 16]          36,864
     BatchNorm2d-122           [-1, 64, 16, 16]             128
            ReLU-123           [-1, 64, 16, 16]               0
    Resnet_block-124           [-1, 64, 16, 16]               0
          Conv2d-125           [-1, 64, 16, 16]          36,864
     BatchNorm2d-126           [-1, 64, 16, 16]             128
            ReLU-127           [-1, 64, 16, 16]               0
          Conv2d-128           [-1, 64, 16, 16]          36,864
     BatchNorm2d-129           [-1, 64, 16, 16]             128
            ReLU-130           [-1, 64, 16, 16]               0
    Resnet_block-131           [-1, 64, 16, 16]               0
          Conv2d-132           [-1, 64, 16, 16]          36,864
     BatchNorm2d-133           [-1, 64, 16, 16]             128
            ReLU-134           [-1, 64, 16, 16]               0
          Conv2d-135           [-1, 64, 16, 16]          36,864
     BatchNorm2d-136           [-1, 64, 16, 16]             128
            ReLU-137           [-1, 64, 16, 16]               0
    Resnet_block-138           [-1, 64, 16, 16]               0
          Conv2d-139           [-1, 64, 16, 16]          36,864
     BatchNorm2d-140           [-1, 64, 16, 16]             128
            ReLU-141           [-1, 64, 16, 16]               0
          Conv2d-142           [-1, 64, 16, 16]          36,864
     BatchNorm2d-143           [-1, 64, 16, 16]             128
            ReLU-144           [-1, 64, 16, 16]               0
    Resnet_block-145           [-1, 64, 16, 16]               0
          Conv2d-146           [-1, 64, 16, 16]          36,864
     BatchNorm2d-147           [-1, 64, 16, 16]             128
            ReLU-148           [-1, 64, 16, 16]               0
          Conv2d-149           [-1, 64, 16, 16]          36,864
     BatchNorm2d-150           [-1, 64, 16, 16]             128
            ReLU-151           [-1, 64, 16, 16]               0
    Resnet_block-152           [-1, 64, 16, 16]               0
          Conv2d-153           [-1, 64, 16, 16]          36,864
     BatchNorm2d-154           [-1, 64, 16, 16]             128
            ReLU-155           [-1, 64, 16, 16]               0
          Conv2d-156           [-1, 64, 16, 16]          36,864
     BatchNorm2d-157           [-1, 64, 16, 16]             128
            ReLU-158           [-1, 64, 16, 16]               0
    Resnet_block-159           [-1, 64, 16, 16]               0
          Conv2d-160           [-1, 64, 16, 16]          36,864
     BatchNorm2d-161           [-1, 64, 16, 16]             128
            ReLU-162           [-1, 64, 16, 16]               0
          Conv2d-163           [-1, 64, 16, 16]          36,864
     BatchNorm2d-164           [-1, 64, 16, 16]             128
            ReLU-165           [-1, 64, 16, 16]               0
    Resnet_block-166           [-1, 64, 16, 16]               0
          Conv2d-167           [-1, 64, 16, 16]          36,864
     BatchNorm2d-168           [-1, 64, 16, 16]             128
            ReLU-169           [-1, 64, 16, 16]               0
          Conv2d-170           [-1, 64, 16, 16]          36,864
     BatchNorm2d-171           [-1, 64, 16, 16]             128
            ReLU-172           [-1, 64, 16, 16]               0
    Resnet_block-173           [-1, 64, 16, 16]               0
          Conv2d-174           [-1, 64, 16, 16]          36,864
     BatchNorm2d-175           [-1, 64, 16, 16]             128
            ReLU-176           [-1, 64, 16, 16]               0
          Conv2d-177           [-1, 64, 16, 16]          36,864
     BatchNorm2d-178           [-1, 64, 16, 16]             128
            ReLU-179           [-1, 64, 16, 16]               0
    Resnet_block-180           [-1, 64, 16, 16]               0
          Conv2d-181           [-1, 64, 16, 16]          36,864
     BatchNorm2d-182           [-1, 64, 16, 16]             128
            ReLU-183           [-1, 64, 16, 16]               0
          Conv2d-184           [-1, 64, 16, 16]          36,864
     BatchNorm2d-185           [-1, 64, 16, 16]             128
            ReLU-186           [-1, 64, 16, 16]               0
    Resnet_block-187           [-1, 64, 16, 16]               0
          Conv2d-188            [-1, 128, 8, 8]          73,728
     BatchNorm2d-189            [-1, 128, 8, 8]             256
            ReLU-190            [-1, 128, 8, 8]               0
          Conv2d-191            [-1, 128, 8, 8]         147,456
     BatchNorm2d-192            [-1, 128, 8, 8]             256
          Conv2d-193            [-1, 128, 8, 8]           8,192
     BatchNorm2d-194            [-1, 128, 8, 8]             256
            ReLU-195            [-1, 128, 8, 8]               0
    Resnet_block-196            [-1, 128, 8, 8]               0
          Conv2d-197            [-1, 128, 8, 8]         147,456
     BatchNorm2d-198            [-1, 128, 8, 8]             256
            ReLU-199            [-1, 128, 8, 8]               0
          Conv2d-200            [-1, 128, 8, 8]         147,456
     BatchNorm2d-201            [-1, 128, 8, 8]             256
            ReLU-202            [-1, 128, 8, 8]               0
    Resnet_block-203            [-1, 128, 8, 8]               0
          Conv2d-204            [-1, 128, 8, 8]         147,456
     BatchNorm2d-205            [-1, 128, 8, 8]             256
            ReLU-206            [-1, 128, 8, 8]               0
          Conv2d-207            [-1, 128, 8, 8]         147,456
     BatchNorm2d-208            [-1, 128, 8, 8]             256
            ReLU-209            [-1, 128, 8, 8]               0
    Resnet_block-210            [-1, 128, 8, 8]               0
          Conv2d-211            [-1, 128, 8, 8]         147,456
     BatchNorm2d-212            [-1, 128, 8, 8]             256
            ReLU-213            [-1, 128, 8, 8]               0
          Conv2d-214            [-1, 128, 8, 8]         147,456
     BatchNorm2d-215            [-1, 128, 8, 8]             256
            ReLU-216            [-1, 128, 8, 8]               0
    Resnet_block-217            [-1, 128, 8, 8]               0
          Conv2d-218            [-1, 128, 8, 8]         147,456
     BatchNorm2d-219            [-1, 128, 8, 8]             256
            ReLU-220            [-1, 128, 8, 8]               0
          Conv2d-221            [-1, 128, 8, 8]         147,456
     BatchNorm2d-222            [-1, 128, 8, 8]             256
            ReLU-223            [-1, 128, 8, 8]               0
    Resnet_block-224            [-1, 128, 8, 8]               0
          Conv2d-225            [-1, 128, 8, 8]         147,456
     BatchNorm2d-226            [-1, 128, 8, 8]             256
            ReLU-227            [-1, 128, 8, 8]               0
          Conv2d-228            [-1, 128, 8, 8]         147,456
     BatchNorm2d-229            [-1, 128, 8, 8]             256
            ReLU-230            [-1, 128, 8, 8]               0
    Resnet_block-231            [-1, 128, 8, 8]               0
          Conv2d-232            [-1, 128, 8, 8]         147,456
     BatchNorm2d-233            [-1, 128, 8, 8]             256
            ReLU-234            [-1, 128, 8, 8]               0
          Conv2d-235            [-1, 128, 8, 8]         147,456
     BatchNorm2d-236            [-1, 128, 8, 8]             256
            ReLU-237            [-1, 128, 8, 8]               0
    Resnet_block-238            [-1, 128, 8, 8]               0
          Conv2d-239            [-1, 128, 8, 8]         147,456
     BatchNorm2d-240            [-1, 128, 8, 8]             256
            ReLU-241            [-1, 128, 8, 8]               0
          Conv2d-242            [-1, 128, 8, 8]         147,456
     BatchNorm2d-243            [-1, 128, 8, 8]             256
            ReLU-244            [-1, 128, 8, 8]               0
    Resnet_block-245            [-1, 128, 8, 8]               0
          Conv2d-246            [-1, 128, 8, 8]         147,456
     BatchNorm2d-247            [-1, 128, 8, 8]             256
            ReLU-248            [-1, 128, 8, 8]               0
          Conv2d-249            [-1, 128, 8, 8]         147,456
     BatchNorm2d-250            [-1, 128, 8, 8]             256
            ReLU-251            [-1, 128, 8, 8]               0
    Resnet_block-252            [-1, 128, 8, 8]               0
          Conv2d-253            [-1, 128, 8, 8]         147,456
     BatchNorm2d-254            [-1, 128, 8, 8]             256
            ReLU-255            [-1, 128, 8, 8]               0
          Conv2d-256            [-1, 128, 8, 8]         147,456
     BatchNorm2d-257            [-1, 128, 8, 8]             256
            ReLU-258            [-1, 128, 8, 8]               0
    Resnet_block-259            [-1, 128, 8, 8]               0
          Conv2d-260            [-1, 128, 8, 8]         147,456
     BatchNorm2d-261            [-1, 128, 8, 8]             256
            ReLU-262            [-1, 128, 8, 8]               0
          Conv2d-263            [-1, 128, 8, 8]         147,456
     BatchNorm2d-264            [-1, 128, 8, 8]             256
            ReLU-265            [-1, 128, 8, 8]               0
    Resnet_block-266            [-1, 128, 8, 8]               0
          Conv2d-267            [-1, 128, 8, 8]         147,456
     BatchNorm2d-268            [-1, 128, 8, 8]             256
            ReLU-269            [-1, 128, 8, 8]               0
          Conv2d-270            [-1, 128, 8, 8]         147,456
     BatchNorm2d-271            [-1, 128, 8, 8]             256
            ReLU-272            [-1, 128, 8, 8]               0
    Resnet_block-273            [-1, 128, 8, 8]               0
          Conv2d-274            [-1, 128, 8, 8]         147,456
     BatchNorm2d-275            [-1, 128, 8, 8]             256
            ReLU-276            [-1, 128, 8, 8]               0
          Conv2d-277            [-1, 128, 8, 8]         147,456
     BatchNorm2d-278            [-1, 128, 8, 8]             256
            ReLU-279            [-1, 128, 8, 8]               0
    Resnet_block-280            [-1, 128, 8, 8]               0
AdaptiveAvgPool2d-281            [-1, 128, 1, 1]               0
         Dropout-282                  [-1, 128]               0
          Linear-283                   [-1, 10]           1,290
================================================================
Total params: 4,964,266
Trainable params: 4,964,266
Non-trainable params: 0
----------------------------------------------------------------
Input size (MB): 0.01
Forward/backward pass size (MB): 40.94
Params size (MB): 18.94
Estimated Total Size (MB): 59.89
----------------------------------------------------------------


start epoch 1, end epoch 500
Epoch 1, Loss: 2.2645906722149274, Accuracy: 17.662%
Accuracy of the network on the cifar test testset: 31 %
Epoch 2, Loss: 1.8368205515015157, Accuracy: 31.576%
Accuracy of the network on the cifar test testset: 45 %
Epoch 3, Loss: 1.5645555989516666, Accuracy: 43.238%
Accuracy of the network on the cifar test testset: 57 %
Epoch 4, Loss: 1.3300832449017888, Accuracy: 52.578%
Accuracy of the network on the cifar test testset: 62 %
Epoch 5, Loss: 1.1710188483338222, Accuracy: 58.922%
Accuracy of the network on the cifar test testset: 68 %
Epoch 6, Loss: 1.032707818023994, Accuracy: 64.148%
Accuracy of the network on the cifar test testset: 72 %
Epoch 7, Loss: 0.9459107992289316, Accuracy: 67.78%
Accuracy of the network on the cifar test testset: 70 %
Epoch 8, Loss: 0.8665420126427165, Accuracy: 70.56%
Accuracy of the network on the cifar test testset: 78 %
Epoch 9, Loss: 0.8015154740389656, Accuracy: 72.76%
Accuracy of the network on the cifar test testset: 80 %
Epoch 10, Loss: 0.7585226692202146, Accuracy: 74.496%
Accuracy of the network on the cifar test testset: 79 %
Epoch 11, Loss: 0.721187234839515, Accuracy: 75.86%
Accuracy of the network on the cifar test testset: 81 %
Epoch 12, Loss: 0.6831662551216457, Accuracy: 76.884%
Accuracy of the network on the cifar test testset: 81 %
Epoch 13, Loss: 0.6489064917540002, Accuracy: 78.102%
Accuracy of the network on the cifar test testset: 82 %
Epoch 14, Loss: 0.6277955150817667, Accuracy: 78.974%
Accuracy of the network on the cifar test testset: 83 %
Epoch 15, Loss: 0.6141290282806777, Accuracy: 79.47%
Accuracy of the network on the cifar test testset: 85 %
Epoch 16, Loss: 0.5823137368387579, Accuracy: 80.486%
Accuracy of the network on the cifar test testset: 85 %
Epoch 17, Loss: 0.5725411910687566, Accuracy: 80.972%
Accuracy of the network on the cifar test testset: 86 %
Epoch 18, Loss: 0.5483796719242545, Accuracy: 81.562%
Accuracy of the network on the cifar test testset: 85 %
Epoch 19, Loss: 0.5390107847388138, Accuracy: 81.97%
Accuracy of the network on the cifar test testset: 86 %
Epoch 20, Loss: 0.5267280941576604, Accuracy: 82.174%
Accuracy of the network on the cifar test testset: 85 %
Epoch 21, Loss: 0.5125963594907385, Accuracy: 82.688%
Accuracy of the network on the cifar test testset: 85 %
Epoch 22, Loss: 0.5055069056008478, Accuracy: 83.094%
Accuracy of the network on the cifar test testset: 86 %
Epoch 23, Loss: 0.493723822066851, Accuracy: 83.43%
Accuracy of the network on the cifar test testset: 87 %
Epoch 24, Loss: 0.48105416768956977, Accuracy: 83.776%
Accuracy of the network on the cifar test testset: 86 %
Epoch 25, Loss: 0.47397538912875575, Accuracy: 84.01%
Accuracy of the network on the cifar test testset: 88 %
Epoch 26, Loss: 0.45466531329142773, Accuracy: 84.824%
Accuracy of the network on the cifar test testset: 88 %
Epoch 27, Loss: 0.4553686508437252, Accuracy: 84.538%
Accuracy of the network on the cifar test testset: 86 %
Epoch 28, Loss: 0.44558111328603056, Accuracy: 84.95%
Accuracy of the network on the cifar test testset: 87 %
Epoch 29, Loss: 0.4383321247442299, Accuracy: 85.066%
Accuracy of the network on the cifar test testset: 89 %
Epoch 30, Loss: 0.43596928709608207, Accuracy: 85.336%
Accuracy of the network on the cifar test testset: 87 %
Epoch 31, Loss: 0.4285872487537086, Accuracy: 85.624%
Accuracy of the network on the cifar test testset: 88 %
Epoch 32, Loss: 0.4205714990873166, Accuracy: 85.842%
Accuracy of the network on the cifar test testset: 89 %
Epoch 33, Loss: 0.4073674069036303, Accuracy: 86.262%
Accuracy of the network on the cifar test testset: 87 %
Epoch 34, Loss: 0.4066918322725979, Accuracy: 86.256%
Accuracy of the network on the cifar test testset: 88 %
Epoch 35, Loss: 0.3967173045782177, Accuracy: 86.672%
Accuracy of the network on the cifar test testset: 89 %
Epoch 36, Loss: 0.39261227221135286, Accuracy: 86.722%
Accuracy of the network on the cifar test testset: 89 %
Epoch 37, Loss: 0.38987801446939063, Accuracy: 86.864%
Accuracy of the network on the cifar test testset: 89 %
Epoch 38, Loss: 0.3873876128583918, Accuracy: 87.016%
Accuracy of the network on the cifar test testset: 89 %
Epoch 39, Loss: 0.3857203819943816, Accuracy: 87.062%
Accuracy of the network on the cifar test testset: 89 %
Epoch 40, Loss: 0.37408765967544694, Accuracy: 87.426%
Accuracy of the network on the cifar test testset: 88 %
Epoch 41, Loss: 0.37039486053959486, Accuracy: 87.612%
Accuracy of the network on the cifar test testset: 89 %
Epoch 42, Loss: 0.3704808147438347, Accuracy: 87.494%
Accuracy of the network on the cifar test testset: 89 %
Epoch 43, Loss: 0.36626950840053657, Accuracy: 87.646%
Accuracy of the network on the cifar test testset: 89 %
Epoch 44, Loss: 0.3615980365544634, Accuracy: 87.754%
Accuracy of the network on the cifar test testset: 88 %
Epoch 45, Loss: 0.3569806277218377, Accuracy: 88.064%
Accuracy of the network on the cifar test testset: 90 %
Epoch 46, Loss: 0.3583604606521099, Accuracy: 87.846%
Accuracy of the network on the cifar test testset: 89 %
Epoch 47, Loss: 0.352625886878699, Accuracy: 88.296%
Accuracy of the network on the cifar test testset: 89 %
Epoch 48, Loss: 0.3436227010186676, Accuracy: 88.502%
Accuracy of the network on the cifar test testset: 88 %
Epoch 49, Loss: 0.34071270054411096, Accuracy: 88.656%
Accuracy of the network on the cifar test testset: 89 %
Epoch 50, Loss: 0.34531692817540427, Accuracy: 88.362%
Accuracy of the network on the cifar test testset: 90 %
Predictions saved to test_predictions.csv.
Finished Training
Epoch 51, Loss: 0.33538457274894273, Accuracy: 88.714%
Accuracy of the network on the cifar test testset: 91 %
Epoch 52, Loss: 0.3408059049445345, Accuracy: 88.576%
Accuracy of the network on the cifar test testset: 89 %
Epoch 53, Loss: 0.3301853440759127, Accuracy: 88.876%
Accuracy of the network on the cifar test testset: 89 %
Epoch 54, Loss: 0.33603945622206344, Accuracy: 88.736%
Accuracy of the network on the cifar test testset: 90 %
Epoch 55, Loss: 0.3324234992875468, Accuracy: 88.836%
Accuracy of the network on the cifar test testset: 90 %
Epoch 56, Loss: 0.3322329467634106, Accuracy: 88.858%
Accuracy of the network on the cifar test testset: 89 %
Epoch 57, Loss: 0.32923075244249894, Accuracy: 88.974%
Accuracy of the network on the cifar test testset: 89 %
Epoch 58, Loss: 0.32636754656844125, Accuracy: 89.13%
Accuracy of the network on the cifar test testset: 89 %
Epoch 59, Loss: 0.3224322052334276, Accuracy: 89.24%
Accuracy of the network on the cifar test testset: 90 %
Epoch 60, Loss: 0.3160636335458902, Accuracy: 89.34%
Accuracy of the network on the cifar test testset: 90 %
Epoch 61, Loss: 0.31662984577286274, Accuracy: 89.38%
Accuracy of the network on the cifar test testset: 91 %
Epoch 62, Loss: 0.32115261738791184, Accuracy: 89.204%
Accuracy of the network on the cifar test testset: 90 %
Epoch 63, Loss: 0.3192141981571532, Accuracy: 89.24%
Accuracy of the network on the cifar test testset: 90 %
Epoch 64, Loss: 0.31199846308097207, Accuracy: 89.416%
Accuracy of the network on the cifar test testset: 88 %
Epoch 65, Loss: 0.3132975271824376, Accuracy: 89.532%
Accuracy of the network on the cifar test testset: 89 %
Epoch 66, Loss: 0.31350857627285106, Accuracy: 89.482%
Accuracy of the network on the cifar test testset: 90 %
Epoch 67, Loss: 0.3081352934431847, Accuracy: 89.734%
Accuracy of the network on the cifar test testset: 90 %
Epoch 68, Loss: 0.3155034783932254, Accuracy: 89.528%
Accuracy of the network on the cifar test testset: 90 %
Epoch 69, Loss: 0.3116734699367562, Accuracy: 89.518%
Accuracy of the network on the cifar test testset: 90 %
Epoch 70, Loss: 0.3147012840603928, Accuracy: 89.452%
Accuracy of the network on the cifar test testset: 89 %
Epoch 71, Loss: 0.3048498966657292, Accuracy: 89.76%
Accuracy of the network on the cifar test testset: 90 %
Epoch 72, Loss: 0.31545487522621596, Accuracy: 89.534%
Accuracy of the network on the cifar test testset: 90 %
Epoch 73, Loss: 0.31401805171881186, Accuracy: 89.522%
Accuracy of the network on the cifar test testset: 90 %
Epoch 74, Loss: 0.3027653705204844, Accuracy: 89.804%
Accuracy of the network on the cifar test testset: 90 %
Epoch 75, Loss: 0.3028607869620823, Accuracy: 89.934%
Accuracy of the network on the cifar test testset: 91 %
Epoch 76, Loss: 0.30625906979184014, Accuracy: 89.774%
Accuracy of the network on the cifar test testset: 90 %
Epoch 77, Loss: 0.3051013213479915, Accuracy: 89.798%
Accuracy of the network on the cifar test testset: 90 %
Epoch 78, Loss: 0.31032958329486116, Accuracy: 89.606%
Accuracy of the network on the cifar test testset: 90 %
Epoch 79, Loss: 0.30808064741704166, Accuracy: 89.814%
Accuracy of the network on the cifar test testset: 89 %
Epoch 80, Loss: 0.3052239026445562, Accuracy: 89.862%
Accuracy of the network on the cifar test testset: 89 %
Epoch 81, Loss: 0.3092589291084148, Accuracy: 89.614%
Accuracy of the network on the cifar test testset: 91 %
Epoch 82, Loss: 0.3036471497829613, Accuracy: 89.968%
Accuracy of the network on the cifar test testset: 89 %
Epoch 83, Loss: 0.3152816954933469, Accuracy: 89.448%
Accuracy of the network on the cifar test testset: 90 %
Epoch 84, Loss: 0.29272729825333255, Accuracy: 90.16%
Accuracy of the network on the cifar test testset: 88 %
Epoch 85, Loss: 0.3059979671864863, Accuracy: 89.902%
Accuracy of the network on the cifar test testset: 90 %
Epoch 86, Loss: 0.3073476007603623, Accuracy: 89.646%
Accuracy of the network on the cifar test testset: 90 %
Epoch 87, Loss: 0.31201581134820533, Accuracy: 89.542%
Accuracy of the network on the cifar test testset: 90 %
Epoch 88, Loss: 0.3099294050651438, Accuracy: 89.758%
Accuracy of the network on the cifar test testset: 91 %
Epoch 89, Loss: 0.2985002554934043, Accuracy: 90.064%
Accuracy of the network on the cifar test testset: 90 %
Epoch 90, Loss: 0.31051759787685124, Accuracy: 89.686%
Accuracy of the network on the cifar test testset: 91 %
Epoch 91, Loss: 0.30426226876428364, Accuracy: 89.91%
Accuracy of the network on the cifar test testset: 91 %
Epoch 92, Loss: 0.29884817418844806, Accuracy: 90.052%
Accuracy of the network on the cifar test testset: 91 %
Epoch 93, Loss: 0.303638698518886, Accuracy: 89.804%
Accuracy of the network on the cifar test testset: 90 %
Epoch 94, Loss: 0.30421103561854423, Accuracy: 90.022%
Accuracy of the network on the cifar test testset: 88 %
Epoch 95, Loss: 0.3041395328919906, Accuracy: 89.852%
Accuracy of the network on the cifar test testset: 91 %
Epoch 96, Loss: 0.3068968719419311, Accuracy: 89.78%
Accuracy of the network on the cifar test testset: 91 %
Epoch 97, Loss: 0.30415625043232425, Accuracy: 90.038%
Accuracy of the network on the cifar test testset: 91 %
Epoch 98, Loss: 0.30355288374149586, Accuracy: 89.9%
Accuracy of the network on the cifar test testset: 88 %
Epoch 99, Loss: 0.312875861211506, Accuracy: 89.786%
Accuracy of the network on the cifar test testset: 90 %
Epoch 100, Loss: 0.3039317747668537, Accuracy: 89.818%
Accuracy of the network on the cifar test testset: 90 %
Predictions saved to test_predictions.csv.
Finished Training
Epoch 101, Loss: 0.3063153039159067, Accuracy: 89.756%
Accuracy of the network on the cifar test testset: 90 %
Epoch 102, Loss: 0.3034258765904495, Accuracy: 90.054%
Accuracy of the network on the cifar test testset: 90 %
Epoch 103, Loss: 0.3061368744010511, Accuracy: 89.722%
Accuracy of the network on the cifar test testset: 90 %
Epoch 104, Loss: 0.3056431347528077, Accuracy: 89.91%
Accuracy of the network on the cifar test testset: 90 %
Epoch 105, Loss: 0.30367904962481135, Accuracy: 89.848%
Accuracy of the network on the cifar test testset: 89 %
Epoch 106, Loss: 0.30666050351108126, Accuracy: 89.838%
Accuracy of the network on the cifar test testset: 90 %
Epoch 107, Loss: 0.3079905980421454, Accuracy: 89.672%
Accuracy of the network on the cifar test testset: 90 %
Epoch 108, Loss: 0.30985701423319406, Accuracy: 89.628%
Accuracy of the network on the cifar test testset: 90 %
Epoch 109, Loss: 0.30872011718237796, Accuracy: 89.79%
Accuracy of the network on the cifar test testset: 90 %
Epoch 110, Loss: 0.30628647927737906, Accuracy: 89.862%
Accuracy of the network on the cifar test testset: 89 %
Epoch 111, Loss: 0.3092802922286646, Accuracy: 89.88%
Accuracy of the network on the cifar test testset: 90 %
Epoch 112, Loss: 0.30829610799432106, Accuracy: 89.736%
Accuracy of the network on the cifar test testset: 89 %
Epoch 113, Loss: 0.30667346693060893, Accuracy: 89.746%
Accuracy of the network on the cifar test testset: 87 %
Epoch 114, Loss: 0.31052056759062324, Accuracy: 89.862%
Accuracy of the network on the cifar test testset: 88 %
Epoch 115, Loss: 0.31264398530925935, Accuracy: 89.558%
Accuracy of the network on the cifar test testset: 90 %
Epoch 116, Loss: 0.3030730786607089, Accuracy: 89.956%
Accuracy of the network on the cifar test testset: 89 %
Epoch 117, Loss: 0.30719071375134654, Accuracy: 89.828%
Accuracy of the network on the cifar test testset: 90 %
Epoch 118, Loss: 0.308707164376593, Accuracy: 89.788%
Accuracy of the network on the cifar test testset: 90 %
Epoch 119, Loss: 0.307148233017958, Accuracy: 89.776%
Accuracy of the network on the cifar test testset: 89 %
Epoch 120, Loss: 0.30605006522839634, Accuracy: 89.928%
Accuracy of the network on the cifar test testset: 91 %
Epoch 121, Loss: 0.31045616248532026, Accuracy: 89.756%
Accuracy of the network on the cifar test testset: 90 %
Epoch 122, Loss: 0.3110468043848072, Accuracy: 89.772%
Accuracy of the network on the cifar test testset: 87 %
Epoch 123, Loss: 0.31350945839491645, Accuracy: 89.654%
Accuracy of the network on the cifar test testset: 88 %
Epoch 124, Loss: 0.30619796401704363, Accuracy: 89.896%
Accuracy of the network on the cifar test testset: 89 %
Epoch 125, Loss: 0.30576205249790034, Accuracy: 89.912%
Accuracy of the network on the cifar test testset: 90 %
Epoch 126, Loss: 0.3102079802538123, Accuracy: 89.676%
Accuracy of the network on the cifar test testset: 91 %
Epoch 127, Loss: 0.3065936497562682, Accuracy: 89.798%
Accuracy of the network on the cifar test testset: 91 %
Epoch 128, Loss: 0.30919238204693855, Accuracy: 89.87%
Accuracy of the network on the cifar test testset: 91 %
Epoch 129, Loss: 0.31097774089449814, Accuracy: 89.658%
Accuracy of the network on the cifar test testset: 91 %
Epoch 130, Loss: 0.3106650170843924, Accuracy: 89.74%
Accuracy of the network on the cifar test testset: 89 %
Epoch 131, Loss: 0.3083727843583087, Accuracy: 89.858%
Accuracy of the network on the cifar test testset: 88 %
Epoch 132, Loss: 0.3010441146390822, Accuracy: 89.986%
Accuracy of the network on the cifar test testset: 90 %
Epoch 133, Loss: 0.30809481804023314, Accuracy: 89.66%
Accuracy of the network on the cifar test testset: 90 %
Epoch 134, Loss: 0.31309207984248694, Accuracy: 89.702%
Accuracy of the network on the cifar test testset: 90 %
Epoch 135, Loss: 0.3120638864576969, Accuracy: 89.634%
Accuracy of the network on the cifar test testset: 91 %
Epoch 136, Loss: 0.3037213712092251, Accuracy: 90.016%
Accuracy of the network on the cifar test testset: 90 %
Epoch 137, Loss: 0.3038510232401626, Accuracy: 89.932%
Accuracy of the network on the cifar test testset: 89 %
Epoch 138, Loss: 0.30213064237323867, Accuracy: 89.988%
Accuracy of the network on the cifar test testset: 89 %
Epoch 139, Loss: 0.3005191512272486, Accuracy: 90.052%
Accuracy of the network on the cifar test testset: 89 %
Epoch 140, Loss: 0.3042290844880711, Accuracy: 89.838%
Accuracy of the network on the cifar test testset: 89 %
Epoch 141, Loss: 0.3053767787640357, Accuracy: 89.806%
Accuracy of the network on the cifar test testset: 89 %
Epoch 142, Loss: 0.303865740251968, Accuracy: 89.98%
Accuracy of the network on the cifar test testset: 91 %
Epoch 143, Loss: 0.3026462792588012, Accuracy: 89.982%
Accuracy of the network on the cifar test testset: 90 %
Epoch 144, Loss: 0.3077560243627909, Accuracy: 89.868%
Accuracy of the network on the cifar test testset: 90 %
Epoch 145, Loss: 0.2974584005830233, Accuracy: 90.182%
Accuracy of the network on the cifar test testset: 91 %
Epoch 146, Loss: 0.30174478835157115, Accuracy: 89.996%
Accuracy of the network on the cifar test testset: 90 %
Epoch 147, Loss: 0.3045699210346812, Accuracy: 89.908%
Accuracy of the network on the cifar test testset: 90 %
Epoch 148, Loss: 0.3118377752849818, Accuracy: 89.608%
Accuracy of the network on the cifar test testset: 89 %
Epoch 149, Loss: 0.3041690353999662, Accuracy: 89.852%
Accuracy of the network on the cifar test testset: 90 %
Epoch 150, Loss: 0.29812491706112765, Accuracy: 90.184%
Accuracy of the network on the cifar test testset: 90 %
Predictions saved to test_predictions.csv.
Finished Training
Epoch 151, Loss: 0.2940026610670492, Accuracy: 90.238%
Accuracy of the network on the cifar test testset: 89 %
Epoch 152, Loss: 0.30816124089995917, Accuracy: 89.802%
Accuracy of the network on the cifar test testset: 90 %
Epoch 153, Loss: 0.30416330218772447, Accuracy: 89.962%
Accuracy of the network on the cifar test testset: 89 %
Epoch 154, Loss: 0.29956667580644186, Accuracy: 90.012%
Accuracy of the network on the cifar test testset: 91 %
Epoch 155, Loss: 0.30331263426319716, Accuracy: 89.98%
Accuracy of the network on the cifar test testset: 91 %
Epoch 156, Loss: 0.30252353866082016, Accuracy: 90.002%
Accuracy of the network on the cifar test testset: 90 %
Epoch 157, Loss: 0.30066746576210424, Accuracy: 90.038%
Accuracy of the network on the cifar test testset: 90 %
Epoch 158, Loss: 0.30273400841619047, Accuracy: 90.008%
Accuracy of the network on the cifar test testset: 90 %
Epoch 159, Loss: 0.2990900364220905, Accuracy: 90.014%
Accuracy of the network on the cifar test testset: 90 %
Epoch 160, Loss: 0.29694354084446606, Accuracy: 90.084%
Accuracy of the network on the cifar test testset: 87 %
Epoch 161, Loss: 0.29738161055480733, Accuracy: 90.18%
Accuracy of the network on the cifar test testset: 91 %
Epoch 162, Loss: 0.2977532174276269, Accuracy: 90.194%
Accuracy of the network on the cifar test testset: 91 %
Epoch 163, Loss: 0.3028684863844491, Accuracy: 90.0%
Accuracy of the network on the cifar test testset: 91 %
Epoch 164, Loss: 0.29628953623497273, Accuracy: 90.22%
Accuracy of the network on the cifar test testset: 90 %
Epoch 165, Loss: 0.29145371982508606, Accuracy: 90.348%
Accuracy of the network on the cifar test testset: 90 %
Epoch 166, Loss: 0.29846349293770996, Accuracy: 90.084%
Accuracy of the network on the cifar test testset: 91 %
Epoch 167, Loss: 0.2952933950954691, Accuracy: 90.232%
Accuracy of the network on the cifar test testset: 90 %
Epoch 168, Loss: 0.2983489860125515, Accuracy: 90.146%
Accuracy of the network on the cifar test testset: 91 %
Epoch 169, Loss: 0.29397486426565045, Accuracy: 90.328%
Accuracy of the network on the cifar test testset: 91 %
Epoch 170, Loss: 0.2931633127467407, Accuracy: 90.258%
Accuracy of the network on the cifar test testset: 90 %
Epoch 171, Loss: 0.290945756999428, Accuracy: 90.358%
Accuracy of the network on the cifar test testset: 91 %
Epoch 172, Loss: 0.297009139757632, Accuracy: 90.044%
Accuracy of the network on the cifar test testset: 90 %
Epoch 173, Loss: 0.29507753123407776, Accuracy: 90.156%
Accuracy of the network on the cifar test testset: 91 %
Epoch 174, Loss: 0.2876881662460849, Accuracy: 90.512%
Accuracy of the network on the cifar test testset: 91 %
Epoch 175, Loss: 0.2865399257911136, Accuracy: 90.55%
Accuracy of the network on the cifar test testset: 91 %
Epoch 176, Loss: 0.2895454986359152, Accuracy: 90.586%
Accuracy of the network on the cifar test testset: 91 %
Epoch 177, Loss: 0.29054532354445106, Accuracy: 90.354%
Accuracy of the network on the cifar test testset: 90 %
Epoch 178, Loss: 0.28587628527523, Accuracy: 90.582%
Accuracy of the network on the cifar test testset: 90 %
Epoch 179, Loss: 0.29437933896508667, Accuracy: 90.328%
Accuracy of the network on the cifar test testset: 91 %
Epoch 180, Loss: 0.2837459886317973, Accuracy: 90.73%
Accuracy of the network on the cifar test testset: 90 %
Epoch 181, Loss: 0.28431128952509305, Accuracy: 90.696%
Accuracy of the network on the cifar test testset: 91 %
Epoch 182, Loss: 0.28949005848458964, Accuracy: 90.524%
Accuracy of the network on the cifar test testset: 91 %
Epoch 183, Loss: 0.28337623693449115, Accuracy: 90.61%
Accuracy of the network on the cifar test testset: 91 %
Epoch 184, Loss: 0.2883386062386701, Accuracy: 90.438%
Accuracy of the network on the cifar test testset: 92 %
Epoch 185, Loss: 0.2871915529794095, Accuracy: 90.48%
Accuracy of the network on the cifar test testset: 91 %
Epoch 186, Loss: 0.2833221541989185, Accuracy: 90.614%
Accuracy of the network on the cifar test testset: 90 %
Epoch 187, Loss: 0.2839121604933763, Accuracy: 90.63%
Accuracy of the network on the cifar test testset: 91 %
Epoch 188, Loss: 0.2862774927902709, Accuracy: 90.53%
Accuracy of the network on the cifar test testset: 91 %
Epoch 189, Loss: 0.28253250540522357, Accuracy: 90.602%
Accuracy of the network on the cifar test testset: 90 %
Epoch 190, Loss: 0.2831392021816405, Accuracy: 90.572%
Accuracy of the network on the cifar test testset: 91 %
Epoch 191, Loss: 0.2865616473776605, Accuracy: 90.584%
Accuracy of the network on the cifar test testset: 91 %
Epoch 192, Loss: 0.2859420242821774, Accuracy: 90.606%
Accuracy of the network on the cifar test testset: 90 %
Epoch 193, Loss: 0.2824740034844869, Accuracy: 90.774%
Accuracy of the network on the cifar test testset: 91 %
Epoch 194, Loss: 0.2772952258739325, Accuracy: 90.874%
Accuracy of the network on the cifar test testset: 91 %
Epoch 195, Loss: 0.2860377326112269, Accuracy: 90.576%
Accuracy of the network on the cifar test testset: 90 %
Epoch 196, Loss: 0.28641714975047294, Accuracy: 90.43%
Accuracy of the network on the cifar test testset: 92 %
Epoch 197, Loss: 0.27879471987333443, Accuracy: 90.934%
Accuracy of the network on the cifar test testset: 91 %
Epoch 198, Loss: 0.27941369158608836, Accuracy: 90.678%
Accuracy of the network on the cifar test testset: 91 %
Epoch 199, Loss: 0.2812830530240408, Accuracy: 90.648%
Accuracy of the network on the cifar test testset: 90 %
Epoch 200, Loss: 0.2818437861397748, Accuracy: 90.706%
Accuracy of the network on the cifar test testset: 92 %
Predictions saved to test_predictions.csv.
Finished Training
Epoch 201, Loss: 0.2798042866732458, Accuracy: 90.872%
Accuracy of the network on the cifar test testset: 89 %
Epoch 202, Loss: 0.27898218728544766, Accuracy: 90.726%
Accuracy of the network on the cifar test testset: 91 %
Epoch 203, Loss: 0.2824697577206375, Accuracy: 90.762%
Accuracy of the network on the cifar test testset: 90 %
Epoch 204, Loss: 0.2780514817370478, Accuracy: 90.834%
Accuracy of the network on the cifar test testset: 90 %
Epoch 205, Loss: 0.27237779433693726, Accuracy: 90.978%
Accuracy of the network on the cifar test testset: 92 %
Epoch 206, Loss: 0.28079437165309096, Accuracy: 90.824%
Accuracy of the network on the cifar test testset: 90 %
Epoch 207, Loss: 0.2752447347430622, Accuracy: 91.012%
Accuracy of the network on the cifar test testset: 91 %
Epoch 208, Loss: 0.2741243120311471, Accuracy: 90.888%
Accuracy of the network on the cifar test testset: 91 %
Epoch 209, Loss: 0.27950478846307303, Accuracy: 90.832%
Accuracy of the network on the cifar test testset: 91 %
Epoch 210, Loss: 0.27124944607467605, Accuracy: 91.146%
Accuracy of the network on the cifar test testset: 91 %
Epoch 211, Loss: 0.2779429895265023, Accuracy: 90.816%
Accuracy of the network on the cifar test testset: 90 %
Epoch 212, Loss: 0.2772681200519547, Accuracy: 90.754%
Accuracy of the network on the cifar test testset: 87 %
Epoch 213, Loss: 0.27083923297998547, Accuracy: 91.07%
Accuracy of the network on the cifar test testset: 90 %
Epoch 214, Loss: 0.2671723566815981, Accuracy: 91.172%
Accuracy of the network on the cifar test testset: 90 %
Epoch 215, Loss: 0.2628006106218719, Accuracy: 91.302%
Accuracy of the network on the cifar test testset: 92 %
Epoch 216, Loss: 0.2778530757864723, Accuracy: 90.834%
Accuracy of the network on the cifar test testset: 90 %
Epoch 217, Loss: 0.27098376225784915, Accuracy: 90.888%
Accuracy of the network on the cifar test testset: 91 %
Epoch 218, Loss: 0.26935586499055025, Accuracy: 91.212%
Accuracy of the network on the cifar test testset: 89 %
Epoch 219, Loss: 0.26818928032961037, Accuracy: 91.234%
Accuracy of the network on the cifar test testset: 92 %
Epoch 220, Loss: 0.2677245724307912, Accuracy: 91.212%
Accuracy of the network on the cifar test testset: 91 %
Epoch 221, Loss: 0.2642588716981661, Accuracy: 91.148%
Accuracy of the network on the cifar test testset: 90 %
Epoch 222, Loss: 0.2644624725898818, Accuracy: 91.238%
Accuracy of the network on the cifar test testset: 90 %
Epoch 223, Loss: 0.26367836843823533, Accuracy: 91.232%
Accuracy of the network on the cifar test testset: 91 %
Epoch 224, Loss: 0.270274181462005, Accuracy: 90.99%
Accuracy of the network on the cifar test testset: 91 %
Epoch 225, Loss: 0.2645515852686389, Accuracy: 91.29%
Accuracy of the network on the cifar test testset: 91 %
Epoch 226, Loss: 0.2664698950965386, Accuracy: 91.258%
Accuracy of the network on the cifar test testset: 91 %
Epoch 227, Loss: 0.26117485584429156, Accuracy: 91.33%
Accuracy of the network on the cifar test testset: 90 %
Epoch 228, Loss: 0.26698350214668554, Accuracy: 91.192%
Accuracy of the network on the cifar test testset: 91 %
Epoch 229, Loss: 0.26456309961693364, Accuracy: 91.286%
Accuracy of the network on the cifar test testset: 92 %
Epoch 230, Loss: 0.2660409059480328, Accuracy: 91.114%
Accuracy of the network on the cifar test testset: 91 %
Epoch 231, Loss: 0.26350853508314515, Accuracy: 91.356%
Accuracy of the network on the cifar test testset: 92 %
Epoch 232, Loss: 0.25356609513387657, Accuracy: 91.522%
Accuracy of the network on the cifar test testset: 91 %
Epoch 233, Loss: 0.26545822504155164, Accuracy: 91.216%
Accuracy of the network on the cifar test testset: 91 %
Epoch 234, Loss: 0.2591757128381973, Accuracy: 91.486%
Accuracy of the network on the cifar test testset: 91 %
Epoch 235, Loss: 0.2598188972800894, Accuracy: 91.604%
Accuracy of the network on the cifar test testset: 91 %
Epoch 236, Loss: 0.25939101851581003, Accuracy: 91.528%
Accuracy of the network on the cifar test testset: 92 %
Epoch 237, Loss: 0.2549090366953474, Accuracy: 91.6%
Accuracy of the network on the cifar test testset: 91 %
Epoch 238, Loss: 0.2625504133227231, Accuracy: 91.444%
Accuracy of the network on the cifar test testset: 91 %
Epoch 239, Loss: 0.2605959491618454, Accuracy: 91.416%
Accuracy of the network on the cifar test testset: 92 %
Epoch 240, Loss: 0.24677347738648314, Accuracy: 91.84%
Accuracy of the network on the cifar test testset: 92 %
Epoch 241, Loss: 0.25681131051095857, Accuracy: 91.562%
Accuracy of the network on the cifar test testset: 91 %
Epoch 242, Loss: 0.2504528245657606, Accuracy: 91.798%
Accuracy of the network on the cifar test testset: 91 %
Epoch 243, Loss: 0.2524195938273464, Accuracy: 91.662%
Accuracy of the network on the cifar test testset: 92 %
Epoch 244, Loss: 0.26043285370406594, Accuracy: 91.248%
Accuracy of the network on the cifar test testset: 92 %
Epoch 245, Loss: 0.258104149471311, Accuracy: 91.572%
Accuracy of the network on the cifar test testset: 92 %
Epoch 246, Loss: 0.2525759718912032, Accuracy: 91.694%
Accuracy of the network on the cifar test testset: 92 %
Epoch 247, Loss: 0.24989795446624535, Accuracy: 91.814%
Accuracy of the network on the cifar test testset: 92 %
Epoch 248, Loss: 0.24416190301975632, Accuracy: 91.918%
Accuracy of the network on the cifar test testset: 91 %
Epoch 249, Loss: 0.25184160625309593, Accuracy: 91.52%
Accuracy of the network on the cifar test testset: 92 %
Epoch 250, Loss: 0.24535323708029963, Accuracy: 91.858%
Accuracy of the network on the cifar test testset: 92 %
Predictions saved to test_predictions.csv.
Finished Training
Epoch 251, Loss: 0.24748579372682838, Accuracy: 91.79%
Accuracy of the network on the cifar test testset: 92 %
Epoch 252, Loss: 0.25489726826510467, Accuracy: 91.564%
Accuracy of the network on the cifar test testset: 92 %
Epoch 253, Loss: 0.24931155339531277, Accuracy: 91.782%
Accuracy of the network on the cifar test testset: 91 %
Epoch 254, Loss: 0.24706356471304394, Accuracy: 91.876%
Accuracy of the network on the cifar test testset: 92 %
Epoch 255, Loss: 0.25334518459980443, Accuracy: 91.672%
Accuracy of the network on the cifar test testset: 91 %
Epoch 256, Loss: 0.24569066187076252, Accuracy: 91.822%
Accuracy of the network on the cifar test testset: 92 %
Epoch 257, Loss: 0.24915591009971125, Accuracy: 91.748%
Accuracy of the network on the cifar test testset: 92 %
Epoch 258, Loss: 0.24086195118058368, Accuracy: 92.006%
Accuracy of the network on the cifar test testset: 92 %
Epoch 259, Loss: 0.2408723761625302, Accuracy: 92.042%
Accuracy of the network on the cifar test testset: 90 %
Epoch 260, Loss: 0.24327880058370893, Accuracy: 91.95%
Accuracy of the network on the cifar test testset: 92 %
Epoch 261, Loss: 0.24045792702213883, Accuracy: 92.076%
Accuracy of the network on the cifar test testset: 93 %
Epoch 262, Loss: 0.24419576366005652, Accuracy: 91.938%
Accuracy of the network on the cifar test testset: 92 %
Epoch 263, Loss: 0.23765724762092771, Accuracy: 92.044%
Accuracy of the network on the cifar test testset: 91 %
Epoch 264, Loss: 0.23588886576921433, Accuracy: 92.17%
Accuracy of the network on the cifar test testset: 92 %
Epoch 265, Loss: 0.23911830458952033, Accuracy: 92.176%
Accuracy of the network on the cifar test testset: 90 %
Epoch 266, Loss: 0.23987300530114136, Accuracy: 92.214%
Accuracy of the network on the cifar test testset: 91 %
Epoch 267, Loss: 0.23450556406965645, Accuracy: 92.22%
Accuracy of the network on the cifar test testset: 91 %
Epoch 268, Loss: 0.24099945149305838, Accuracy: 92.016%
Accuracy of the network on the cifar test testset: 92 %
Epoch 269, Loss: 0.23865691621971252, Accuracy: 92.272%
Accuracy of the network on the cifar test testset: 91 %
Epoch 270, Loss: 0.2345453748274642, Accuracy: 92.392%
Accuracy of the network on the cifar test testset: 92 %
Epoch 271, Loss: 0.23693802668844038, Accuracy: 92.134%
Accuracy of the network on the cifar test testset: 92 %
Epoch 272, Loss: 0.23342620242206033, Accuracy: 92.326%
Accuracy of the network on the cifar test testset: 92 %
Epoch 273, Loss: 0.2329312185078021, Accuracy: 92.276%
Accuracy of the network on the cifar test testset: 91 %
Epoch 274, Loss: 0.23319456869226587, Accuracy: 92.24%
Accuracy of the network on the cifar test testset: 93 %
Epoch 275, Loss: 0.23097598114434412, Accuracy: 92.312%
Accuracy of the network on the cifar test testset: 91 %
Epoch 276, Loss: 0.23161638648156316, Accuracy: 92.414%
Accuracy of the network on the cifar test testset: 92 %
Epoch 277, Loss: 0.22908804700959978, Accuracy: 92.278%
Accuracy of the network on the cifar test testset: 93 %
Epoch 278, Loss: 0.229878154023529, Accuracy: 92.494%
Accuracy of the network on the cifar test testset: 91 %
Epoch 279, Loss: 0.22764471476264012, Accuracy: 92.576%
Accuracy of the network on the cifar test testset: 93 %
Epoch 280, Loss: 0.2241635920522768, Accuracy: 92.672%
Accuracy of the network on the cifar test testset: 92 %
Epoch 281, Loss: 0.22884902188463893, Accuracy: 92.464%
Accuracy of the network on the cifar test testset: 91 %
Epoch 282, Loss: 0.22566293793566086, Accuracy: 92.724%
Accuracy of the network on the cifar test testset: 92 %
Epoch 283, Loss: 0.22121407640407154, Accuracy: 92.622%
Accuracy of the network on the cifar test testset: 93 %
Epoch 284, Loss: 0.22383286783000086, Accuracy: 92.414%
Accuracy of the network on the cifar test testset: 93 %
Epoch 285, Loss: 0.22281093944978836, Accuracy: 92.702%
Accuracy of the network on the cifar test testset: 92 %
Epoch 286, Loss: 0.22297951897315663, Accuracy: 92.608%
Accuracy of the network on the cifar test testset: 90 %
Epoch 287, Loss: 0.21973969453893355, Accuracy: 92.802%
Accuracy of the network on the cifar test testset: 92 %
Epoch 288, Loss: 0.21378163177796336, Accuracy: 92.9%
Accuracy of the network on the cifar test testset: 92 %
Epoch 289, Loss: 0.2190859240224904, Accuracy: 92.742%
Accuracy of the network on the cifar test testset: 92 %
Epoch 290, Loss: 0.21898028590833135, Accuracy: 92.788%
Accuracy of the network on the cifar test testset: 92 %
Epoch 291, Loss: 0.2170348046609508, Accuracy: 92.898%
Accuracy of the network on the cifar test testset: 93 %
Epoch 292, Loss: 0.2218162145875299, Accuracy: 92.726%
Accuracy of the network on the cifar test testset: 93 %
Epoch 293, Loss: 0.21739374783337878, Accuracy: 92.854%
Accuracy of the network on the cifar test testset: 93 %
Epoch 294, Loss: 0.21451458494986414, Accuracy: 92.908%
Accuracy of the network on the cifar test testset: 93 %
Epoch 295, Loss: 0.2158754140024295, Accuracy: 92.852%
Accuracy of the network on the cifar test testset: 92 %
Epoch 296, Loss: 0.21843475623585074, Accuracy: 92.734%
Accuracy of the network on the cifar test testset: 92 %
Epoch 297, Loss: 0.21144213533157583, Accuracy: 93.102%
Accuracy of the network on the cifar test testset: 90 %
Epoch 298, Loss: 0.20790148059577893, Accuracy: 93.186%
Accuracy of the network on the cifar test testset: 92 %
Epoch 299, Loss: 0.20966548350689662, Accuracy: 93.18%
Accuracy of the network on the cifar test testset: 92 %
Epoch 300, Loss: 0.20369316980509503, Accuracy: 93.204%
Accuracy of the network on the cifar test testset: 92 %
Predictions saved to test_predictions.csv.
Finished Training
Epoch 301, Loss: 0.21488433434149187, Accuracy: 92.946%
Accuracy of the network on the cifar test testset: 92 %
Epoch 302, Loss: 0.20741607305948692, Accuracy: 93.13%
Accuracy of the network on the cifar test testset: 91 %
Epoch 303, Loss: 0.2092468896428185, Accuracy: 93.088%
Accuracy of the network on the cifar test testset: 91 %
Epoch 304, Loss: 0.20779983512580852, Accuracy: 93.112%
Accuracy of the network on the cifar test testset: 92 %
Epoch 305, Loss: 0.20734932704273698, Accuracy: 93.138%
Accuracy of the network on the cifar test testset: 92 %
Epoch 306, Loss: 0.206370809575176, Accuracy: 93.036%
Accuracy of the network on the cifar test testset: 92 %
Epoch 307, Loss: 0.19904380781418832, Accuracy: 93.304%
Accuracy of the network on the cifar test testset: 92 %
Epoch 308, Loss: 0.20597496527768766, Accuracy: 93.168%
Accuracy of the network on the cifar test testset: 92 %
Epoch 309, Loss: 0.20476672685969516, Accuracy: 93.15%
Accuracy of the network on the cifar test testset: 93 %
Epoch 310, Loss: 0.19961455099456146, Accuracy: 93.504%
Accuracy of the network on the cifar test testset: 92 %
Epoch 311, Loss: 0.20211380822083835, Accuracy: 93.366%
Accuracy of the network on the cifar test testset: 93 %
Epoch 312, Loss: 0.20655777016678428, Accuracy: 93.224%
Accuracy of the network on the cifar test testset: 92 %
Epoch 313, Loss: 0.19032837953561407, Accuracy: 93.79%
Accuracy of the network on the cifar test testset: 93 %
Epoch 314, Loss: 0.19488838658003552, Accuracy: 93.616%
Accuracy of the network on the cifar test testset: 93 %
Epoch 315, Loss: 0.19626661999832334, Accuracy: 93.612%
Accuracy of the network on the cifar test testset: 92 %
Epoch 316, Loss: 0.19265375128182607, Accuracy: 93.616%
Accuracy of the network on the cifar test testset: 93 %
Epoch 317, Loss: 0.19890522489995907, Accuracy: 93.456%
Accuracy of the network on the cifar test testset: 92 %
Epoch 318, Loss: 0.19172995103061047, Accuracy: 93.696%
Accuracy of the network on the cifar test testset: 93 %
Epoch 319, Loss: 0.1933574326660322, Accuracy: 93.6%
Accuracy of the network on the cifar test testset: 93 %
Epoch 320, Loss: 0.19231927171921182, Accuracy: 93.648%
Accuracy of the network on the cifar test testset: 93 %
Epoch 321, Loss: 0.19559817846931155, Accuracy: 93.542%
Accuracy of the network on the cifar test testset: 93 %
Epoch 322, Loss: 0.19372107991781992, Accuracy: 93.61%
Accuracy of the network on the cifar test testset: 92 %
Epoch 323, Loss: 0.18864518562165064, Accuracy: 93.89%
Accuracy of the network on the cifar test testset: 93 %
Epoch 324, Loss: 0.19019288310538168, Accuracy: 93.782%
Accuracy of the network on the cifar test testset: 93 %
Epoch 325, Loss: 0.19106404323254705, Accuracy: 93.744%
Accuracy of the network on the cifar test testset: 93 %
Epoch 326, Loss: 0.18354225053887843, Accuracy: 94.01%
Accuracy of the network on the cifar test testset: 92 %
Epoch 327, Loss: 0.18948713573805817, Accuracy: 93.72%
Accuracy of the network on the cifar test testset: 94 %
Epoch 328, Loss: 0.1844588023469881, Accuracy: 93.908%
Accuracy of the network on the cifar test testset: 92 %
Epoch 329, Loss: 0.1795090127383809, Accuracy: 93.984%
Accuracy of the network on the cifar test testset: 93 %
Epoch 330, Loss: 0.18422479935161903, Accuracy: 93.956%
Accuracy of the network on the cifar test testset: 93 %
Epoch 331, Loss: 0.1885305104772453, Accuracy: 93.846%
Accuracy of the network on the cifar test testset: 93 %
Epoch 332, Loss: 0.18238862780163356, Accuracy: 94.14%
Accuracy of the network on the cifar test testset: 93 %
Epoch 333, Loss: 0.1805633992966636, Accuracy: 94.14%
Accuracy of the network on the cifar test testset: 93 %
Epoch 334, Loss: 0.176241648042827, Accuracy: 94.298%
Accuracy of the network on the cifar test testset: 93 %
Epoch 335, Loss: 0.17629180799054978, Accuracy: 94.248%
Accuracy of the network on the cifar test testset: 93 %
Epoch 336, Loss: 0.17855316987427908, Accuracy: 94.16%
Accuracy of the network on the cifar test testset: 93 %
Epoch 337, Loss: 0.1764796718459605, Accuracy: 94.182%
Accuracy of the network on the cifar test testset: 93 %
Epoch 338, Loss: 0.17636040613398224, Accuracy: 94.17%
Accuracy of the network on the cifar test testset: 93 %
Epoch 339, Loss: 0.1771959602223028, Accuracy: 94.222%
Accuracy of the network on the cifar test testset: 93 %
Epoch 340, Loss: 0.17675427483666278, Accuracy: 94.186%
Accuracy of the network on the cifar test testset: 94 %
Epoch 341, Loss: 0.17366088705751903, Accuracy: 94.296%
Accuracy of the network on the cifar test testset: 93 %
Epoch 342, Loss: 0.17259468861362515, Accuracy: 94.312%
Accuracy of the network on the cifar test testset: 93 %
Epoch 343, Loss: 0.16838430425585688, Accuracy: 94.404%
Accuracy of the network on the cifar test testset: 92 %
Epoch 344, Loss: 0.1652556525643372, Accuracy: 94.548%
Accuracy of the network on the cifar test testset: 94 %
Epoch 345, Loss: 0.16831260359348238, Accuracy: 94.414%
Accuracy of the network on the cifar test testset: 93 %
Epoch 346, Loss: 0.16610070386582323, Accuracy: 94.6%
Accuracy of the network on the cifar test testset: 94 %
Epoch 347, Loss: 0.1648443976269506, Accuracy: 94.664%
Accuracy of the network on the cifar test testset: 94 %
Epoch 348, Loss: 0.16245991563248208, Accuracy: 94.66%
Accuracy of the network on the cifar test testset: 93 %
Epoch 349, Loss: 0.164221827884007, Accuracy: 94.668%
Accuracy of the network on the cifar test testset: 93 %
Epoch 350, Loss: 0.16248354330049147, Accuracy: 94.558%
Accuracy of the network on the cifar test testset: 93 %
Predictions saved to test_predictions.csv.
Finished Training
Epoch 351, Loss: 0.16110124786758362, Accuracy: 94.73%
Accuracy of the network on the cifar test testset: 93 %
Epoch 352, Loss: 0.16098676897261455, Accuracy: 94.746%
Accuracy of the network on the cifar test testset: 93 %
Epoch 353, Loss: 0.1627568183728801, Accuracy: 94.636%
Accuracy of the network on the cifar test testset: 94 %
Epoch 354, Loss: 0.15859561478314194, Accuracy: 94.762%
Accuracy of the network on the cifar test testset: 93 %
Epoch 355, Loss: 0.15675650395052818, Accuracy: 94.846%
Accuracy of the network on the cifar test testset: 94 %
Epoch 356, Loss: 0.15614265071042358, Accuracy: 94.926%
Accuracy of the network on the cifar test testset: 93 %
Epoch 357, Loss: 0.15548495803495196, Accuracy: 94.978%
Accuracy of the network on the cifar test testset: 93 %
Epoch 358, Loss: 0.15943527194049656, Accuracy: 94.73%
Accuracy of the network on the cifar test testset: 92 %
Epoch 359, Loss: 0.15667690041348759, Accuracy: 94.842%
Accuracy of the network on the cifar test testset: 93 %
Epoch 360, Loss: 0.15294347623425067, Accuracy: 94.974%
Accuracy of the network on the cifar test testset: 93 %
Epoch 361, Loss: 0.15499961604852505, Accuracy: 94.85%
Accuracy of the network on the cifar test testset: 93 %
Epoch 362, Loss: 0.14792019519430902, Accuracy: 95.092%
Accuracy of the network on the cifar test testset: 94 %
Epoch 363, Loss: 0.15181748628082786, Accuracy: 95.072%
Accuracy of the network on the cifar test testset: 93 %
Epoch 364, Loss: 0.1518369948543856, Accuracy: 95.116%
Accuracy of the network on the cifar test testset: 93 %
Epoch 365, Loss: 0.14974876004449852, Accuracy: 95.068%
Accuracy of the network on the cifar test testset: 93 %
Epoch 366, Loss: 0.14286704799708197, Accuracy: 95.28%
Accuracy of the network on the cifar test testset: 93 %
Epoch 367, Loss: 0.14839213754972227, Accuracy: 95.128%
Accuracy of the network on the cifar test testset: 94 %
Epoch 368, Loss: 0.14999543747786062, Accuracy: 95.088%
Accuracy of the network on the cifar test testset: 94 %
Epoch 369, Loss: 0.14576018050960873, Accuracy: 95.212%
Accuracy of the network on the cifar test testset: 94 %
Epoch 370, Loss: 0.13854189708714595, Accuracy: 95.364%
Accuracy of the network on the cifar test testset: 94 %
Epoch 371, Loss: 0.13870817522906587, Accuracy: 95.414%
Accuracy of the network on the cifar test testset: 94 %
Epoch 372, Loss: 0.14261868307390785, Accuracy: 95.308%
Accuracy of the network on the cifar test testset: 94 %
Epoch 373, Loss: 0.13698783855113533, Accuracy: 95.51%
Accuracy of the network on the cifar test testset: 94 %
Epoch 374, Loss: 0.13602309746434316, Accuracy: 95.552%
Accuracy of the network on the cifar test testset: 94 %
Epoch 375, Loss: 0.1405263306558742, Accuracy: 95.354%
Accuracy of the network on the cifar test testset: 94 %
Epoch 376, Loss: 0.13829723015770584, Accuracy: 95.43%
Accuracy of the network on the cifar test testset: 93 %
Epoch 377, Loss: 0.13112768689003748, Accuracy: 95.668%
Accuracy of the network on the cifar test testset: 94 %
Epoch 378, Loss: 0.13736433019418545, Accuracy: 95.482%
Accuracy of the network on the cifar test testset: 94 %
Epoch 379, Loss: 0.13192657272205177, Accuracy: 95.694%
Accuracy of the network on the cifar test testset: 94 %
Epoch 380, Loss: 0.13885148294517757, Accuracy: 95.438%
Accuracy of the network on the cifar test testset: 94 %
Epoch 381, Loss: 0.13245995763851248, Accuracy: 95.578%
Accuracy of the network on the cifar test testset: 94 %
Epoch 382, Loss: 0.1321080724001312, Accuracy: 95.616%
Accuracy of the network on the cifar test testset: 94 %
Epoch 383, Loss: 0.12596828023643444, Accuracy: 95.876%
Accuracy of the network on the cifar test testset: 94 %
Epoch 384, Loss: 0.12919818532779392, Accuracy: 95.736%
Accuracy of the network on the cifar test testset: 94 %
Epoch 385, Loss: 0.1271422397192863, Accuracy: 95.792%
Accuracy of the network on the cifar test testset: 94 %
Epoch 386, Loss: 0.12483411950185476, Accuracy: 95.832%
Accuracy of the network on the cifar test testset: 94 %
Epoch 387, Loss: 0.12452943120008844, Accuracy: 95.886%
Accuracy of the network on the cifar test testset: 94 %
Epoch 388, Loss: 0.1268941736148904, Accuracy: 95.772%
Accuracy of the network on the cifar test testset: 94 %
Epoch 389, Loss: 0.12617221778577856, Accuracy: 95.802%
Accuracy of the network on the cifar test testset: 94 %
Epoch 390, Loss: 0.12422513245316723, Accuracy: 95.838%
Accuracy of the network on the cifar test testset: 94 %
Epoch 391, Loss: 0.11998443916925917, Accuracy: 96.122%
Accuracy of the network on the cifar test testset: 94 %
Epoch 392, Loss: 0.12194669360528364, Accuracy: 95.998%
Accuracy of the network on the cifar test testset: 94 %
Epoch 393, Loss: 0.12185319134360537, Accuracy: 96.032%
Accuracy of the network on the cifar test testset: 94 %
Epoch 394, Loss: 0.11833521421722439, Accuracy: 96.058%
Accuracy of the network on the cifar test testset: 94 %
Epoch 395, Loss: 0.1177730466979925, Accuracy: 96.09%
Accuracy of the network on the cifar test testset: 95 %
Epoch 396, Loss: 0.11616787035732776, Accuracy: 96.126%
Accuracy of the network on the cifar test testset: 94 %
Epoch 397, Loss: 0.1134474191271588, Accuracy: 96.166%
Accuracy of the network on the cifar test testset: 94 %
Epoch 398, Loss: 0.1188920093057177, Accuracy: 96.054%
Accuracy of the network on the cifar test testset: 94 %
Epoch 399, Loss: 0.11430823556421434, Accuracy: 96.186%
Accuracy of the network on the cifar test testset: 94 %
Epoch 400, Loss: 0.11440356297280325, Accuracy: 96.176%
Accuracy of the network on the cifar test testset: 94 %
Predictions saved to test_predictions.csv.
Finished Training
Epoch 401, Loss: 0.10934610096523371, Accuracy: 96.342%
Accuracy of the network on the cifar test testset: 95 %
Epoch 402, Loss: 0.11290648401907795, Accuracy: 96.274%
Accuracy of the network on the cifar test testset: 94 %
Epoch 403, Loss: 0.1122522513475031, Accuracy: 96.308%
Accuracy of the network on the cifar test testset: 94 %
Epoch 404, Loss: 0.10874562646212328, Accuracy: 96.382%
Accuracy of the network on the cifar test testset: 94 %
Epoch 405, Loss: 0.10598086871568808, Accuracy: 96.478%
Accuracy of the network on the cifar test testset: 95 %
Epoch 406, Loss: 0.10536205334603177, Accuracy: 96.444%
Accuracy of the network on the cifar test testset: 95 %
Epoch 407, Loss: 0.10569974563806259, Accuracy: 96.564%
Accuracy of the network on the cifar test testset: 95 %
Epoch 408, Loss: 0.10142323500988885, Accuracy: 96.61%
Accuracy of the network on the cifar test testset: 95 %
Epoch 409, Loss: 0.10358165232155024, Accuracy: 96.612%
Accuracy of the network on the cifar test testset: 94 %
Epoch 410, Loss: 0.10455804328669978, Accuracy: 96.586%
Accuracy of the network on the cifar test testset: 94 %
Epoch 411, Loss: 0.10408004844213462, Accuracy: 96.532%
Accuracy of the network on the cifar test testset: 94 %
Epoch 412, Loss: 0.09746011546896317, Accuracy: 96.814%
Accuracy of the network on the cifar test testset: 95 %
Epoch 413, Loss: 0.10492580195607813, Accuracy: 96.642%
Accuracy of the network on the cifar test testset: 94 %
Epoch 414, Loss: 0.0957566597177397, Accuracy: 96.894%
Accuracy of the network on the cifar test testset: 94 %
Epoch 415, Loss: 0.09991638925488648, Accuracy: 96.68%
Accuracy of the network on the cifar test testset: 95 %
Epoch 416, Loss: 0.09042142833704533, Accuracy: 97.036%
Accuracy of the network on the cifar test testset: 95 %
Epoch 417, Loss: 0.09736398247111103, Accuracy: 96.78%
Accuracy of the network on the cifar test testset: 95 %
Epoch 418, Loss: 0.09272079643271768, Accuracy: 97.01%
Accuracy of the network on the cifar test testset: 95 %
Epoch 419, Loss: 0.09492281531376759, Accuracy: 96.868%
Accuracy of the network on the cifar test testset: 95 %
Epoch 420, Loss: 0.09107081007564921, Accuracy: 97.032%
Accuracy of the network on the cifar test testset: 95 %
Epoch 421, Loss: 0.09165783335581003, Accuracy: 96.988%
Accuracy of the network on the cifar test testset: 95 %
Epoch 422, Loss: 0.08669297445251052, Accuracy: 97.172%
Accuracy of the network on the cifar test testset: 95 %
Epoch 423, Loss: 0.08874144937004656, Accuracy: 97.154%
Accuracy of the network on the cifar test testset: 95 %
Epoch 424, Loss: 0.089134472062635, Accuracy: 97.078%
Accuracy of the network on the cifar test testset: 95 %
Epoch 425, Loss: 0.08701592774066093, Accuracy: 97.206%
Accuracy of the network on the cifar test testset: 95 %
Epoch 426, Loss: 0.08622143322320851, Accuracy: 97.086%
Accuracy of the network on the cifar test testset: 95 %
Epoch 427, Loss: 0.08038211190630026, Accuracy: 97.37%
Accuracy of the network on the cifar test testset: 95 %
Epoch 428, Loss: 0.08379838861706083, Accuracy: 97.254%
Accuracy of the network on the cifar test testset: 95 %
Epoch 429, Loss: 0.08562672704331996, Accuracy: 97.138%
Accuracy of the network on the cifar test testset: 95 %
Epoch 430, Loss: 0.08314992645826867, Accuracy: 97.31%
Accuracy of the network on the cifar test testset: 95 %
Epoch 431, Loss: 0.07914654765506764, Accuracy: 97.394%
Accuracy of the network on the cifar test testset: 95 %
Epoch 432, Loss: 0.08180701062607262, Accuracy: 97.254%
Accuracy of the network on the cifar test testset: 95 %
Epoch 433, Loss: 0.08518840590744373, Accuracy: 97.148%
Accuracy of the network on the cifar test testset: 95 %
Epoch 434, Loss: 0.07620988840527852, Accuracy: 97.534%
Accuracy of the network on the cifar test testset: 95 %
Epoch 435, Loss: 0.0813483608900891, Accuracy: 97.3%
Accuracy of the network on the cifar test testset: 95 %
Epoch 436, Loss: 0.077834087240574, Accuracy: 97.32%
Accuracy of the network on the cifar test testset: 95 %
Epoch 437, Loss: 0.0758450469204589, Accuracy: 97.506%
Accuracy of the network on the cifar test testset: 95 %
Epoch 438, Loss: 0.0776861694955822, Accuracy: 97.41%
Accuracy of the network on the cifar test testset: 95 %
Epoch 439, Loss: 0.07837699126938115, Accuracy: 97.374%
Accuracy of the network on the cifar test testset: 95 %
Epoch 440, Loss: 0.0752034483791884, Accuracy: 97.442%
Accuracy of the network on the cifar test testset: 95 %
Epoch 441, Loss: 0.0748248995184098, Accuracy: 97.558%
Accuracy of the network on the cifar test testset: 95 %
Epoch 442, Loss: 0.07486613813604293, Accuracy: 97.5%
Accuracy of the network on the cifar test testset: 96 %
Epoch 443, Loss: 0.06983551889172067, Accuracy: 97.73%
Accuracy of the network on the cifar test testset: 95 %
Epoch 444, Loss: 0.07422409546168526, Accuracy: 97.544%
Accuracy of the network on the cifar test testset: 95 %
Epoch 445, Loss: 0.0738381781231831, Accuracy: 97.63%
Accuracy of the network on the cifar test testset: 95 %
Epoch 446, Loss: 0.07147069974228397, Accuracy: 97.666%
Accuracy of the network on the cifar test testset: 95 %
Epoch 447, Loss: 0.06969643928720366, Accuracy: 97.706%
Accuracy of the network on the cifar test testset: 95 %
Epoch 448, Loss: 0.06724909568310279, Accuracy: 97.756%
Accuracy of the network on the cifar test testset: 95 %
Epoch 449, Loss: 0.06840199642979047, Accuracy: 97.752%
Accuracy of the network on the cifar test testset: 95 %
Epoch 450, Loss: 0.06495692942272444, Accuracy: 97.89%
Accuracy of the network on the cifar test testset: 95 %
Predictions saved to test_predictions.csv.
Finished Training
Epoch 451, Loss: 0.06383790523278267, Accuracy: 97.892%
Accuracy of the network on the cifar test testset: 95 %
Epoch 452, Loss: 0.06910780109965321, Accuracy: 97.71%
Accuracy of the network on the cifar test testset: 96 %
Epoch 453, Loss: 0.06445948765767961, Accuracy: 97.88%
Accuracy of the network on the cifar test testset: 96 %
Epoch 454, Loss: 0.06747784442149217, Accuracy: 97.792%
Accuracy of the network on the cifar test testset: 96 %
Epoch 455, Loss: 0.06388000585972463, Accuracy: 97.876%
Accuracy of the network on the cifar test testset: 95 %
Epoch 456, Loss: 0.06366559895246154, Accuracy: 97.902%
Accuracy of the network on the cifar test testset: 95 %
Epoch 457, Loss: 0.06308534530484501, Accuracy: 97.93%
Accuracy of the network on the cifar test testset: 95 %
Epoch 458, Loss: 0.05980633572458535, Accuracy: 98.016%
Accuracy of the network on the cifar test testset: 96 %
Epoch 459, Loss: 0.06034725686163663, Accuracy: 97.92%
Accuracy of the network on the cifar test testset: 96 %
Epoch 460, Loss: 0.05984913161955774, Accuracy: 98.002%
Accuracy of the network on the cifar test testset: 96 %
Epoch 461, Loss: 0.060433425822073734, Accuracy: 98.01%
Accuracy of the network on the cifar test testset: 96 %
Epoch 462, Loss: 0.06060929459286258, Accuracy: 97.986%
Accuracy of the network on the cifar test testset: 96 %
Epoch 463, Loss: 0.06042955297252635, Accuracy: 98.05%
Accuracy of the network on the cifar test testset: 96 %
Epoch 464, Loss: 0.05950766936292314, Accuracy: 98.042%
Accuracy of the network on the cifar test testset: 95 %
Epoch 465, Loss: 0.05822170718544451, Accuracy: 98.048%
Accuracy of the network on the cifar test testset: 96 %
Epoch 466, Loss: 0.05748894886301873, Accuracy: 98.07%
Accuracy of the network on the cifar test testset: 96 %
Epoch 467, Loss: 0.056672021133296405, Accuracy: 98.128%
Accuracy of the network on the cifar test testset: 96 %
Epoch 468, Loss: 0.05260366455906683, Accuracy: 98.186%
Accuracy of the network on the cifar test testset: 96 %
Epoch 469, Loss: 0.05742025139885704, Accuracy: 98.114%
Accuracy of the network on the cifar test testset: 96 %
Epoch 470, Loss: 0.0548367246358996, Accuracy: 98.148%
Accuracy of the network on the cifar test testset: 96 %
Epoch 471, Loss: 0.05247778052468891, Accuracy: 98.25%
Accuracy of the network on the cifar test testset: 96 %
Epoch 472, Loss: 0.05646315699174066, Accuracy: 98.066%
Accuracy of the network on the cifar test testset: 96 %
Epoch 473, Loss: 0.05515532762400539, Accuracy: 98.168%
Accuracy of the network on the cifar test testset: 96 %
Epoch 474, Loss: 0.054515662457188946, Accuracy: 98.192%
Accuracy of the network on the cifar test testset: 96 %
Epoch 475, Loss: 0.054701321837528016, Accuracy: 98.178%
Accuracy of the network on the cifar test testset: 96 %
Epoch 476, Loss: 0.05643394118344025, Accuracy: 98.09%
Accuracy of the network on the cifar test testset: 96 %
Epoch 477, Loss: 0.050786343328726224, Accuracy: 98.318%
Accuracy of the network on the cifar test testset: 96 %
Epoch 478, Loss: 0.055867084585156414, Accuracy: 98.116%
Accuracy of the network on the cifar test testset: 96 %
Epoch 479, Loss: 0.053342745158835636, Accuracy: 98.22%
Accuracy of the network on the cifar test testset: 96 %
Epoch 480, Loss: 0.051820785189500014, Accuracy: 98.254%
Accuracy of the network on the cifar test testset: 96 %
Epoch 481, Loss: 0.050335786001675806, Accuracy: 98.342%
Accuracy of the network on the cifar test testset: 96 %
Epoch 482, Loss: 0.05338520626418407, Accuracy: 98.214%
Accuracy of the network on the cifar test testset: 96 %
Epoch 483, Loss: 0.052344272998125885, Accuracy: 98.246%
Accuracy of the network on the cifar test testset: 96 %
Epoch 484, Loss: 0.05041819453463339, Accuracy: 98.32%
Accuracy of the network on the cifar test testset: 96 %
Epoch 485, Loss: 0.050966822171567096, Accuracy: 98.33%
Accuracy of the network on the cifar test testset: 96 %
Epoch 486, Loss: 0.051874111857279526, Accuracy: 98.236%
Accuracy of the network on the cifar test testset: 96 %
Epoch 487, Loss: 0.04975353582593067, Accuracy: 98.34%
Accuracy of the network on the cifar test testset: 96 %
Epoch 488, Loss: 0.05197053785612116, Accuracy: 98.244%
Accuracy of the network on the cifar test testset: 96 %
Epoch 489, Loss: 0.0512976292071178, Accuracy: 98.316%
Accuracy of the network on the cifar test testset: 96 %
Epoch 490, Loss: 0.05203368225196839, Accuracy: 98.24%
Accuracy of the network on the cifar test testset: 96 %
Epoch 491, Loss: 0.04984571881469606, Accuracy: 98.334%
Accuracy of the network on the cifar test testset: 96 %
Epoch 492, Loss: 0.051845743800835, Accuracy: 98.284%
Accuracy of the network on the cifar test testset: 96 %
Epoch 493, Loss: 0.04998989028485773, Accuracy: 98.346%
Accuracy of the network on the cifar test testset: 96 %
Epoch 494, Loss: 0.048656635481240156, Accuracy: 98.306%
Accuracy of the network on the cifar test testset: 96 %
Epoch 495, Loss: 0.04701513086226495, Accuracy: 98.42%
Accuracy of the network on the cifar test testset: 96 %
Epoch 496, Loss: 0.047512356362774816, Accuracy: 98.41%
Accuracy of the network on the cifar test testset: 96 %
Epoch 497, Loss: 0.05104115796561265, Accuracy: 98.292%
Accuracy of the network on the cifar test testset: 96 %
Epoch 498, Loss: 0.04939626931043728, Accuracy: 98.318%
Accuracy of the network on the cifar test testset: 96 %
Epoch 499, Loss: 0.04953005872523922, Accuracy: 98.392%
Accuracy of the network on the cifar test testset: 96 %
Epoch 500, Loss: 0.04931672682772483, Accuracy: 98.338%
Accuracy of the network on the cifar test testset: 96 %
Predictions saved to test_predictions.csv.
Finished Training
Predictions saved to test_predictions.csv.
